<?xml version="1.0" encoding="UTF-8"?>
<testsuite xmlns:xsi="http://www.w3.org/2001/XMLSchema-instance" xsi:noNamespaceSchemaLocation="https://maven.apache.org/surefire/maven-surefire-plugin/xsd/surefire-test-report.xsd" name="Test_Add_Product_To_Cart" time="14.492" tests="4" errors="0" skipped="0" failures="0">
  <properties>
[...]
</properties>
  <testcase name="search_a_product" classname="Test_Add_Product_To_Cart" time="1.682"/>
  <testcase name="select_a_product" classname="Test_Add_Product_To_Cart" time="1.543"/>
  <testcase name="add_product_basket" classname="Test_Add_Product_To_Cart" time="0.998"/>
  <testcase name="go_to_basket" classname="Test_Add_Product_To_Cart" time="1.776"/>
</testsuite>